冒泡排序   N个数要经过N-1趟排序 目标:从小到大

	3  9  6  1  8  7  4  2  5
1)  3  6  1  8  7  4  2  5  9 
2)  3  1  6  7  4  2  5  8 
3)  1  3  6  4  2  5  7
4)  1  3  4  2  5  6 
5)  1  3  2  4  5
6)  1  2  3  4
7)  1  2  3
8)  1  2


选择法排序 

	x=3
	3  9  6  1  8  7  4  2  5
1)  1  9  6  3  8  7  4  2  5    
2)     2  6  3  8  7  4  9  5                           3)        3  6  8  7  4  9  5                     
4)           4  8  7  6  9  5
5)              5  7  6  9  8
6)                 6  7  9  8
7)					  7  9  8
8)						 8  9








