
+ - * / % ++ --

5/2 = 2
5.0/2 =2.5

5%2 = 1
5.0%2 = FFFFFFFFFF

++:自增 i++(后自增),++i(前自增)
--:自减 i--(后自减),--i(前自减)
i++ ->  i = i+1
i-- ->  i = i-1;
运算规则:符号在前,先进行运算,再使用变量的值；变量在前,先使用变量的值,后进行运算.

int i = 1,j;
j = i++;   ->   j=i;i=i+1  ->  j = 1,i = 2
j = ++i;   ->   i=i+1;j=i	-> i = 2,j=2;


int i = 1,j = 2,t;
t = --j;	-> t = 1; j = 1;
t = i++;	-> t = 1; i = 2;
t = i++ + --j ;  ->  i = 2  j = 1   t = 2
t = --i - j--;   ->  t = -2   i = 0   j = 1

----------------------------------------------
关系运算后得到的结论是逻辑值(真/假0)
< <=  ==  > >=  !=
int a = 3,b = 5,t = 4;

a = b;  -> a = 5;
a == b;	->  0
a != b;	->  1

t = (a == b)  ; -> t = 0

a < b		1		
a > --t		0
a >= --t	1
b != t		1
b <= t++	0
t >= ++a	1

---------------------------------------------
结果:逻辑值(真/假)
!非   &&逻辑与   ||逻辑或
int i = 3,j = 5,a = 4,b = 6;
!i  -> 0
!(i < j)	-> 0

op1 && op2
 1		1		1
 1		0		0
 0		1		0
 0		0		0

i && j 	-> 1
++a && b--	-> 1
(a++ <= j) && (--b >= i) -> 1
    
op1 || op2
0		0		0
0		1		1
1		0		1
1		1		1

int i = 3,j = 5,a = 4,b = 6;

(++a > j) || (b < j+a)		->  1
(a-- > 3) || (i+j != 8)		->  1

特性: && ||  短路特性

int a = 1,b = 2,c = 3,d = 4,m=1,n=1;

(m = a > b) && (n = c > d)

m = 0
n = 1
-----------------------------------------
=  += -= *= /=
= == 

int a = 3;
a += 5;  ->   a = a+5;
a *= 2+3	-> a = a * (2+3)

a += a -= a *= a /= 3;		-> a = 0;

-----------------------------------------

op1 ? op2 : op3
op1为真则执行op2,否则执行op3

int a = 3,b = 5,c = 4,d = 6,t;
t = a > b ? a : b;
t = a > b ? c++ : --d;

-------------------------------------------
,

int i = 3,j = 5;

i++, j--, 4*6,i = 18, 300, i+j ;   

-----------------------------------------

(数据类型)

int i = 1;
float f = 3.5;
char ch = 'x';


f = i;
i = (int)f;














































